
时间：2021-09-27 08:55:22  等级：INFO  
类名：LogHelper - 43 
调试：保存配置参数！ 

时间：2021-09-27 08:55:53  等级：ERROR 
类名：DataSync.Form1 - 33 
调试：User cannot log in. 

时间：2021-09-27 08:57:30  等级：INFO  
类名：LogHelper - 43 
调试：保存配置参数！ 

时间：2021-09-27 08:57:34  等级：ERROR 
类名：DataSync.Form1 - 33 
调试：User cannot log in. 

时间：2021-09-27 08:57:43  等级：ERROR 
类名：DataSync.Form1 - 33 
调试：User cannot log in. 

时间：2021-09-27 08:58:07  等级：INFO  
类名：LogHelper - 43 
调试：保存配置参数！ 

时间：2021-09-27 08:58:09  等级：ERROR 
类名：DataSync.Form1 - 33 
调试：User cannot log in. 

时间：2021-09-27 09:05:36  等级：ERROR 
类名：DataSync.Form1 - 33 
调试：User cannot log in. 

时间：2021-09-27 09:05:58  等级：INFO  
类名：LogHelper - 43 
调试：保存配置参数！ 

时间：2021-09-27 09:06:02  等级：INFO  
类名：LogHelper - 43 
调试：手动备份成功！ 

时间：2021-09-27 09:07:17  等级：INFO  
类名：LogHelper - 43 
调试：手动备份成功！ 
