
时间：2021-09-10 12:18:04  等级：INFO  
类名：LogHelper - 43 
调试：手动备份成功！ 

时间：2021-09-10 13:14:02  等级：DEBUG 
类名：Sync.CreateCheckTaskJob - 38 
调试：自动备份 

时间：2021-09-10 13:14:06  等级：INFO  
类名：LogHelper - 43 
调试：自动备份成功！ 

时间：2021-09-10 13:15:00  等级：DEBUG 
类名：Sync.CreateCheckTaskJob - 38 
调试：自动备份 

时间：2021-09-10 13:15:00  等级：INFO  
类名：LogHelper - 43 
调试：自动备份成功！ 

时间：2021-09-10 13:16:00  等级：DEBUG 
类名：Sync.CreateCheckTaskJob - 38 
调试：自动备份 

时间：2021-09-10 13:16:01  等级：INFO  
类名：LogHelper - 43 
调试：自动备份成功！ 

时间：2021-09-10 13:34:17  等级：INFO  
类名：LogHelper - 43 
调试：手动备份成功！ 

时间：2021-09-10 13:34:24  等级：INFO  
类名：LogHelper - 43 
调试：手动备份成功！ 

时间：2021-09-10 13:34:33  等级：INFO  
类名：LogHelper - 43 
调试：启动定时备份 

时间：2021-09-10 13:35:00  等级：DEBUG 
类名：Sync.CreateCheckTaskJob - 38 
调试：自动备份 

时间：2021-09-10 13:35:01  等级：INFO  
类名：LogHelper - 43 
调试：自动备份成功！ 

时间：2021-09-10 13:36:00  等级：DEBUG 
类名：Sync.CreateCheckTaskJob - 38 
调试：自动备份 

时间：2021-09-10 13:36:01  等级：INFO  
类名：LogHelper - 43 
调试：自动备份成功！ 

时间：2021-09-10 13:37:00  等级：DEBUG 
类名：Sync.CreateCheckTaskJob - 38 
调试：自动备份 

时间：2021-09-10 13:37:00  等级：INFO  
类名：LogHelper - 43 
调试：自动备份成功！ 

时间：2021-09-10 13:38:00  等级：DEBUG 
类名：Sync.CreateCheckTaskJob - 38 
调试：自动备份 

时间：2021-09-10 13:38:00  等级：INFO  
类名：LogHelper - 43 
调试：自动备份成功！ 

时间：2021-09-10 13:39:00  等级：DEBUG 
类名：Sync.CreateCheckTaskJob - 38 
调试：自动备份 

时间：2021-09-10 13:39:00  等级：INFO  
类名：LogHelper - 43 
调试：自动备份成功！ 

时间：2021-09-10 13:40:00  等级：DEBUG 
类名：Sync.CreateCheckTaskJob - 38 
调试：自动备份 

时间：2021-09-10 13:40:00  等级：INFO  
类名：LogHelper - 43 
调试：自动备份成功！ 

时间：2021-09-10 13:41:00  等级：DEBUG 
类名：Sync.CreateCheckTaskJob - 38 
调试：自动备份 

时间：2021-09-10 13:41:00  等级：INFO  
类名：LogHelper - 43 
调试：自动备份成功！ 

时间：2021-09-10 13:42:00  等级：DEBUG 
类名：Sync.CreateCheckTaskJob - 38 
调试：自动备份 

时间：2021-09-10 13:42:00  等级：INFO  
类名：LogHelper - 43 
调试：自动备份成功！ 

时间：2021-09-10 13:43:00  等级：DEBUG 
类名：Sync.CreateCheckTaskJob - 38 
调试：自动备份 

时间：2021-09-10 13:43:00  等级：INFO  
类名：LogHelper - 43 
调试：自动备份成功！ 

时间：2021-09-10 13:44:00  等级：DEBUG 
类名：Sync.CreateCheckTaskJob - 38 
调试：自动备份 

时间：2021-09-10 13:44:00  等级：INFO  
类名：LogHelper - 43 
调试：自动备份成功！ 

时间：2021-09-10 13:45:00  等级：DEBUG 
类名：Sync.CreateCheckTaskJob - 38 
调试：自动备份 

时间：2021-09-10 13:45:00  等级：INFO  
类名：LogHelper - 43 
调试：自动备份成功！ 

时间：2021-09-10 13:46:00  等级：DEBUG 
类名：Sync.CreateCheckTaskJob - 38 
调试：自动备份 

时间：2021-09-10 13:46:00  等级：INFO  
类名：LogHelper - 43 
调试：自动备份成功！ 

时间：2021-09-10 13:47:00  等级：DEBUG 
类名：Sync.CreateCheckTaskJob - 38 
调试：自动备份 

时间：2021-09-10 13:47:00  等级：INFO  
类名：LogHelper - 43 
调试：自动备份成功！ 

时间：2021-09-10 13:48:00  等级：DEBUG 
类名：Sync.CreateCheckTaskJob - 38 
调试：自动备份 

时间：2021-09-10 13:48:00  等级：INFO  
类名：LogHelper - 43 
调试：自动备份成功！ 

时间：2021-09-10 13:49:00  等级：DEBUG 
类名：Sync.CreateCheckTaskJob - 38 
调试：自动备份 

时间：2021-09-10 13:49:00  等级：INFO  
类名：LogHelper - 43 
调试：自动备份成功！ 

时间：2021-09-10 13:50:00  等级：DEBUG 
类名：Sync.CreateCheckTaskJob - 38 
调试：自动备份 

时间：2021-09-10 13:50:00  等级：INFO  
类名：LogHelper - 43 
调试：自动备份成功！ 

时间：2021-09-10 13:51:00  等级：DEBUG 
类名：Sync.CreateCheckTaskJob - 38 
调试：自动备份 

时间：2021-09-10 13:51:00  等级：INFO  
类名：LogHelper - 43 
调试：自动备份成功！ 

时间：2021-09-10 13:52:00  等级：DEBUG 
类名：Sync.CreateCheckTaskJob - 38 
调试：自动备份 

时间：2021-09-10 13:52:00  等级：INFO  
类名：LogHelper - 43 
调试：自动备份成功！ 

时间：2021-09-10 13:53:00  等级：DEBUG 
类名：Sync.CreateCheckTaskJob - 38 
调试：自动备份 

时间：2021-09-10 13:53:00  等级：INFO  
类名：LogHelper - 43 
调试：自动备份成功！ 

时间：2021-09-10 13:54:00  等级：DEBUG 
类名：Sync.CreateCheckTaskJob - 38 
调试：自动备份 

时间：2021-09-10 13:54:00  等级：INFO  
类名：LogHelper - 43 
调试：自动备份成功！ 

时间：2021-09-10 13:55:00  等级：DEBUG 
类名：Sync.CreateCheckTaskJob - 38 
调试：自动备份 

时间：2021-09-10 13:55:00  等级：INFO  
类名：LogHelper - 43 
调试：自动备份成功！ 

时间：2021-09-10 13:56:00  等级：DEBUG 
类名：Sync.CreateCheckTaskJob - 38 
调试：自动备份 

时间：2021-09-10 13:56:00  等级：INFO  
类名：LogHelper - 43 
调试：自动备份成功！ 

时间：2021-09-10 13:57:00  等级：DEBUG 
类名：Sync.CreateCheckTaskJob - 38 
调试：自动备份 

时间：2021-09-10 13:57:00  等级：INFO  
类名：LogHelper - 43 
调试：自动备份成功！ 

时间：2021-09-10 13:58:00  等级：DEBUG 
类名：Sync.CreateCheckTaskJob - 38 
调试：自动备份 

时间：2021-09-10 13:58:00  等级：INFO  
类名：LogHelper - 43 
调试：自动备份成功！ 

时间：2021-09-10 13:59:00  等级：DEBUG 
类名：Sync.CreateCheckTaskJob - 38 
调试：自动备份 

时间：2021-09-10 13:59:00  等级：INFO  
类名：LogHelper - 43 
调试：自动备份成功！ 

时间：2021-09-10 14:00:00  等级：DEBUG 
类名：Sync.CreateCheckTaskJob - 38 
调试：自动备份 

时间：2021-09-10 14:00:00  等级：INFO  
类名：LogHelper - 43 
调试：自动备份成功！ 

时间：2021-09-10 14:01:00  等级：DEBUG 
类名：Sync.CreateCheckTaskJob - 38 
调试：自动备份 

时间：2021-09-10 14:01:21  等级：INFO  
类名：LogHelper - 43 
调试：自动备份成功！ 

时间：2021-09-10 14:10:02  等级：INFO  
类名：LogHelper - 43 
调试：启动定时备份 

时间：2021-09-10 14:10:03  等级：INFO  
类名：LogHelper - 43 
调试：停止定时备份 

时间：2021-09-10 14:10:10  等级：INFO  
类名：LogHelper - 43 
调试：启动定时备份 

时间：2021-09-10 14:10:11  等级：INFO  
类名：LogHelper - 43 
调试：停止定时备份 

时间：2021-09-10 14:10:13  等级：INFO  
类名：LogHelper - 43 
调试：启动定时备份 

时间：2021-09-10 14:10:13  等级：INFO  
类名：LogHelper - 43 
调试：停止定时备份 

时间：2021-09-10 14:22:54  等级：INFO  
类名：LogHelper - 43 
调试：保存配置参数！ 

时间：2021-09-10 14:23:36  等级：INFO  
类名：LogHelper - 43 
调试：手动备份成功！ 

时间：2021-09-10 14:23:45  等级：INFO  
类名：LogHelper - 43 
调试：启动定时备份 

时间：2021-09-10 14:24:00  等级：DEBUG 
类名：Sync.CreateCheckTaskJob - 38 
调试：自动备份 

时间：2021-09-10 14:24:00  等级：INFO  
类名：LogHelper - 43 
调试：自动备份成功！ 

时间：2021-09-10 14:25:00  等级：DEBUG 
类名：Sync.CreateCheckTaskJob - 38 
调试：自动备份 

时间：2021-09-10 14:25:01  等级：INFO  
类名：LogHelper - 43 
调试：自动备份成功！ 

时间：2021-09-10 14:26:00  等级：DEBUG 
类名：Sync.CreateCheckTaskJob - 38 
调试：自动备份 

时间：2021-09-10 14:26:00  等级：INFO  
类名：LogHelper - 43 
调试：自动备份成功！ 

时间：2021-09-10 14:27:00  等级：DEBUG 
类名：Sync.CreateCheckTaskJob - 38 
调试：自动备份 

时间：2021-09-10 14:27:00  等级：INFO  
类名：LogHelper - 43 
调试：自动备份成功！ 

时间：2021-09-10 14:28:00  等级：DEBUG 
类名：Sync.CreateCheckTaskJob - 38 
调试：自动备份 

时间：2021-09-10 14:28:00  等级：INFO  
类名：LogHelper - 43 
调试：自动备份成功！ 

时间：2021-09-10 14:29:00  等级：DEBUG 
类名：Sync.CreateCheckTaskJob - 38 
调试：自动备份 

时间：2021-09-10 14:29:00  等级：INFO  
类名：LogHelper - 43 
调试：自动备份成功！ 

时间：2021-09-10 14:30:00  等级：DEBUG 
类名：Sync.CreateCheckTaskJob - 38 
调试：自动备份 

时间：2021-09-10 14:30:00  等级：INFO  
类名：LogHelper - 43 
调试：自动备份成功！ 

时间：2021-09-10 14:31:00  等级：DEBUG 
类名：Sync.CreateCheckTaskJob - 38 
调试：自动备份 

时间：2021-09-10 14:31:00  等级：INFO  
类名：LogHelper - 43 
调试：自动备份成功！ 

时间：2021-09-10 14:32:00  等级：DEBUG 
类名：Sync.CreateCheckTaskJob - 38 
调试：自动备份 

时间：2021-09-10 14:32:00  等级：INFO  
类名：LogHelper - 43 
调试：自动备份成功！ 

时间：2021-09-10 14:33:00  等级：DEBUG 
类名：Sync.CreateCheckTaskJob - 38 
调试：自动备份 

时间：2021-09-10 14:33:00  等级：INFO  
类名：LogHelper - 43 
调试：自动备份成功！ 

时间：2021-09-10 14:34:00  等级：DEBUG 
类名：Sync.CreateCheckTaskJob - 38 
调试：自动备份 

时间：2021-09-10 14:34:00  等级：INFO  
类名：LogHelper - 43 
调试：自动备份成功！ 

时间：2021-09-10 14:35:00  等级：DEBUG 
类名：Sync.CreateCheckTaskJob - 38 
调试：自动备份 

时间：2021-09-10 14:35:00  等级：INFO  
类名：LogHelper - 43 
调试：自动备份成功！ 

时间：2021-09-10 14:36:00  等级：DEBUG 
类名：Sync.CreateCheckTaskJob - 38 
调试：自动备份 

时间：2021-09-10 14:36:00  等级：INFO  
类名：LogHelper - 43 
调试：自动备份成功！ 

时间：2021-09-10 14:37:00  等级：DEBUG 
类名：Sync.CreateCheckTaskJob - 38 
调试：自动备份 

时间：2021-09-10 14:37:00  等级：INFO  
类名：LogHelper - 43 
调试：自动备份成功！ 

时间：2021-09-10 14:38:00  等级：DEBUG 
类名：Sync.CreateCheckTaskJob - 38 
调试：自动备份 

时间：2021-09-10 14:38:00  等级：INFO  
类名：LogHelper - 43 
调试：自动备份成功！ 

时间：2021-09-10 14:39:00  等级：DEBUG 
类名：Sync.CreateCheckTaskJob - 38 
调试：自动备份 

时间：2021-09-10 14:39:00  等级：INFO  
类名：LogHelper - 43 
调试：自动备份成功！ 
